<?xml version="1.0" encoding="utf-8"?><testsuites name="pytest tests"><testsuite name="pytest" errors="0" failures="0" skipped="0" tests="22" time="49.338" timestamp="2026-05-23T18:32:02.785716+00:00" hostname="agent-env-b04fa78a-43e3-473d-ad6f-2a5934ad6409"><testcase classname="backend.tests.test_backend.TestCharactersPublic" name="test_list_characters_returns_13" time="0.005" /><testcase classname="backend.tests.test_backend.TestCharactersPublic" name="test_filter_by_genre" time="0.044" /><testcase classname="backend.tests.test_backend.TestCharactersPublic" name="test_search_lyra" time="0.043" /><testcase classname="backend.tests.test_backend.TestCharactersPublic" name="test_featured_returns_up_to_6" time="0.044" /><testcase classname="backend.tests.test_backend.TestCharactersPublic" name="test_get_single_character" time="0.087" /><testcase classname="backend.tests.test_backend.TestCharactersPublic" name="test_get_character_404" time="0.042" /><testcase classname="backend.tests.test_backend.TestAuth" name="test_auth_me_with_valid_token" time="0.044" /><testcase classname="backend.tests.test_backend.TestAuth" name="test_auth_me_missing_token" time="0.042" /><testcase classname="backend.tests.test_backend.TestAuth" name="test_auth_me_invalid_token" time="0.042" /><testcase classname="backend.tests.test_backend.TestChats" name="test_start_chat" time="0.088" /><testcase classname="backend.tests.test_backend.TestChats" name="test_start_chat_idempotent" time="0.044" /><testcase classname="backend.tests.test_backend.TestChats" name="test_start_chat_404" time="0.043" /><testcase classname="backend.tests.test_backend.TestChats" name="test_list_chats" time="0.044" /><testcase classname="backend.tests.test_backend.TestChats" name="test_get_chat_with_messages" time="0.044" /><testcase classname="backend.tests.test_backend.TestChats" name="test_send_message_claude_reply" time="24.570" /><testcase classname="backend.tests.test_backend.TestChats" name="test_delete_chat" time="0.091" /><testcase classname="backend.tests.test_backend.TestCharacterCreation" name="test_create_character_requires_auth" time="0.042" /><testcase classname="backend.tests.test_backend.TestCharacterCreation" name="test_create_character" time="0.090" /><testcase classname="backend.tests.test_backend.TestCharacterCreation" name="test_my_characters" time="0.044" /><testcase classname="backend.tests.test_backend.TestCharacterCreation" name="test_my_characters_requires_auth" time="0.042" /><testcase classname="backend.tests.test_backend.TestAvatarGeneration" name="test_generate_avatar_returns_data_uri" time="23.715" /><testcase classname="backend.tests.test_backend.TestAvatarGeneration" name="test_generate_avatar_requires_auth" time="0.042" /></testsuite></testsuites>